<?xml version="1.0" encoding="UTF-8"?>
<!-- Generated by org.testng.reporters.JUnitReportReporter -->
<testsuite skipped="0" hostname="Amit-PC" name="World.Hello" tests="1" failures="0" timestamp="2021-08-04T18:27:07 IST" time="1.786" errors="0">
  <testcase name="loginTest" time="1.786" classname="World.Hello"/>
  <system-out/>
</testsuite> <!-- World.Hello -->
